Building DAG of jobs...
Using shell: /usr/bin/bash
Provided cores: 1 (use --cores to define parallelism)
Rules claiming more threads will be scaled down.
Job stats:
job                count
---------------  -------
calcular_indice        1
total                  1

Select jobs to execute...

[Thu Nov 30 10:46:26 2023]
rule calcular_indice:
    input: R.midthickness.k.fix.surf.gii, R.cortical.vertices.k.fix.shape.gii, R.NOISE_cubic_low_res_k.fix.func.gii
    output: full_brain_test.geig.vb-cluster.value.shape.gii, full_brain_test.geig.vb-cluster.vector.shape.gii
    jobid: 0
    reason: Missing output files: full_brain_test.geig.vb-cluster.value.shape.gii, full_brain_test.geig.vb-cluster.vector.shape.gii
    resources: tmpdir=/tmp

[Thu Nov 30 10:46:52 2023]
Finished job 0.
1 of 1 steps (100%) done
Complete log: .snakemake/log/2023-11-30T104626.231523.snakemake.log
